<?xml version="1.0" encoding="UTF-8"?>
<!-- Generated by org.testng.reporters.JUnitReportReporter -->
<testsuite hostname="DESKTOP-VTC7ALN" failures="0" tests="2" name="com.qa.tests.HomePageTest" time="39.068" errors="0" timestamp="2024-08-19T23:17:07 CDT" skipped="0">
  <testcase classname="com.qa.tests.HomePageTest" name="searchThing" time="17.994"/>
  <testcase classname="com.qa.tests.HomePageTest" name="changeCategory" time="21.074"/>
</testsuite> <!-- com.qa.tests.HomePageTest -->
