<?xml version="1.0" encoding="UTF-8"?>
<!-- Generated by org.testng.reporters.JUnitReportReporter -->
<testsuite hostname="DESKTOP-VTC7ALN" failures="0" tests="1" name="com.qa.tests.NewTest" time="11.254" errors="0" timestamp="2024-08-17T06:44:13 CDT" skipped="0">
  <testcase classname="com.qa.tests.NewTest" name="checkTitle" time="11.254"/>
</testsuite> <!-- com.qa.tests.NewTest -->
