<?xml version="1.0" encoding="UTF-8"?>
<!-- Generated by org.testng.reporters.JUnitReportReporter -->
<testsuite hostname="DESKTOP-VTC7ALN" failures="0" tests="11" name="com.qa.tests.RegisterPageTest" time="236.884" errors="0" timestamp="2024-08-19T23:12:00 CDT" skipped="0">
  <testcase classname="com.qa.tests.RegisterPageTest" name="checkPageTitle" time="19.199"/>
  <testcase classname="com.qa.tests.RegisterPageTest" name="createAccountWithEmptyFirstName" time="20.166"/>
  <testcase classname="com.qa.tests.RegisterPageTest" name="createAccountWithEmptyLastName" time="20.642"/>
  <testcase classname="com.qa.tests.RegisterPageTest" name="createAccountWithEmptyEmail" time="19.858"/>
  <testcase classname="com.qa.tests.RegisterPageTest" name="createAccountWithEmptyPassword" time="20.215"/>
  <testcase classname="com.qa.tests.RegisterPageTest" name="checkPasswordSuggestion" time="20.865"/>
  <testcase classname="com.qa.tests.RegisterPageTest" name="createAccountWithEmptyBusinessName" time="23.829"/>
  <testcase classname="com.qa.tests.RegisterPageTest" name="createAccountWithEmptyBusinessEmail" time="20.095"/>
  <testcase classname="com.qa.tests.RegisterPageTest" name="createAccountWithEmptyBusinessPassword" time="21.430"/>
  <testcase classname="com.qa.tests.RegisterPageTest" name="getCountryList" time="28.305"/>
  <testcase classname="com.qa.tests.RegisterPageTest" name="selectCountry" time="22.280"/>
</testsuite> <!-- com.qa.tests.RegisterPageTest -->
