<?xml version="1.0" encoding="UTF-8"?>
<!-- Generated by org.testng.reporters.JUnitReportReporter -->
<testsuite hostname="DESKTOP-VTC7ALN" failures="0" tests="1" name="com.qa.tests.SignInPageTest" time="21.675" errors="0" timestamp="2024-08-19T23:07:28 CDT" skipped="0">
  <testcase classname="com.qa.tests.SignInPageTest" name="checkPageTitle" time="21.675"/>
</testsuite> <!-- com.qa.tests.SignInPageTest -->
